17:19:51 **** Build of configuration Debug for project nginx ****
make all 
Building file: ../src/stream/ngx_stream.c
Invoking: GCC C Compiler
gcc -O0 -g3 -Wall -c -fmessage-length=0 -MMD -MP -MF"src/stream/ngx_stream.d" -MT"src/stream/ngx_stream.o" -o "src/stream/ngx_stream.o" "../src/stream/ngx_stream.c"
../src/stream/ngx_stream.c:8:24: fatal error: ngx_config.h: No such file or directory
 #include <ngx_config.h>
                        ^
compilation terminated.
make: *** [src/stream/ngx_stream.o] Error 1

17:19:52 Build Finished (took 171ms)

17:19:52 **** Build of configuration Release for project nginx ****
make all 
Building file: ../src/stream/ngx_stream.c
Invoking: GCC C Compiler
gcc -O3 -Wall -c -fmessage-length=0 -MMD -MP -MF"src/stream/ngx_stream.d" -MT"src/stream/ngx_stream.o" -o "src/stream/ngx_stream.o" "../src/stream/ngx_stream.c"
../src/stream/ngx_stream.c:8:24: fatal error: ngx_config.h: No such file or directory
 #include <ngx_config.h>
                        ^
compilation terminated.
make: *** [src/stream/ngx_stream.o] Error 1
